<?xml version="1.0" encoding="UTF-8"?>
<!-- Generated by org.testng.reporters.JUnitReportReporter -->
<testsuite hostname="Dushs-MacBook-Pro.local" failures="0" tests="20" name="com.Shrava.ListReportTest" time="15.661" errors="0" timestamp="19 Dec 2023 06:48:40 GMT">
  <testcase classname="com.Shrava.ListReportTest" name="visibilityOfSoftwareVersion" time="0.263"/>
  <testcase classname="com.Shrava.ListReportTest" name="termsNCondTestOnShonitReportPage" time="0.784"/>
  <testcase classname="com.Shrava.ListReportTest" name="verifyrefreshicon" time="0.023"/>
  <testcase classname="com.Shrava.ListReportTest" name="verifyOptionFromUserIconOnShonitReportPage" time="5.787"/>
  <testcase classname="com.Shrava.ListReportTest" name="closeproductVersionCard" time="0.110"/>
  <testcase classname="com.Shrava.ListReportTest" name="verifymodulname" time="0.034"/>
  <testcase classname="com.Shrava.ListReportTest" name="visibilityOfVersionCard" time="0.060"/>
  <testcase classname="com.Shrava.ListReportTest" name="checkpaginationposition" time="0.043"/>
  <testcase classname="com.Shrava.ListReportTest" name="verifytableheader" time="0.172"/>
  <testcase classname="com.Shrava.ListReportTest" name="visibilityOfProductName" time="2.591"/>
  <testcase classname="com.Shrava.ListReportTest" name="verifyNotpadIcon" time="0.024"/>
  <testcase classname="com.Shrava.ListReportTest" name="verifyListReportpage" time="0.049"/>
  <testcase classname="com.Shrava.ListReportTest" name="visibilityOfHelpIcon" time="0.035"/>
  <testcase classname="com.Shrava.ListReportTest" name="verifyfilterIcon" time="0.028"/>
  <testcase classname="com.Shrava.ListReportTest" name="checkpaginationeditbox" time="0.311"/>
  <testcase classname="com.Shrava.ListReportTest" name="clickonListReportTest" time="0.319"/>
  <testcase classname="com.Shrava.ListReportTest" name="visibilityOfPlateformVersion" time="0.030"/>
  <testcase classname="com.Shrava.ListReportTest" name="verifySearchEnterText" time="4.823"/>
  <testcase classname="com.Shrava.ListReportTest" name="VerifyClickOnNotificationIcon" time="0.136"/>
  <testcase classname="com.Shrava.ListReportTest" name="checkpaginationchevronicons" time="0.039"/>
</testsuite> <!-- com.Shrava.ListReportTest -->
