<?xml version="1.0" encoding="UTF-8"?>
<!-- Generated by org.testng.reporters.JUnitReportReporter -->
<testsuite hostname="Dushs-MacBook-Pro.local" failures="0" tests="23" name="com.Shrava.LoginTest" time="19.848" errors="0" timestamp="19 Dec 2023 06:48:40 GMT">
  <testcase classname="com.Shrava.LoginTest" name="visibilityOfEmailIDField" time="0.026"/>
  <testcase classname="com.Shrava.LoginTest" name="verifyMandaraAppLoad" time="0.026"/>
  <testcase classname="com.Shrava.LoginTest" name="visibilityOfUserNameField" time="0.033"/>
  <testcase classname="com.Shrava.LoginTest" name="verifyUserNameAlerttest" time="0.687"/>
  <testcase classname="com.Shrava.LoginTest" name="verifyPasswordAlerttest" time="0.748"/>
  <testcase classname="com.Shrava.LoginTest" name="visibilityMandaraHomePage" time="1.242"/>
  <testcase classname="com.Shrava.LoginTest" name="verifyAlertforValideEmail" time="5.706"/>
  <testcase classname="com.Shrava.LoginTest" name="verifyAlertforInvalideEmail" time="0.877"/>
  <testcase classname="com.Shrava.LoginTest" name="verifyForgotPasswordPageLoaded" time="0.045"/>
  <testcase classname="com.Shrava.LoginTest" name="enabilityOfLoginButton" time="0.030"/>
  <testcase classname="com.Shrava.LoginTest" name="clickonBackToLogin" time="0.730"/>
  <testcase classname="com.Shrava.LoginTest" name="visibilityOfForgotPasswordButton" time="0.043"/>
  <testcase classname="com.Shrava.LoginTest" name="verifyValidLogin" time="0.385"/>
  <testcase classname="com.Shrava.LoginTest" name="visibilityOfReserPasswordButton" time="0.031"/>
  <testcase classname="com.Shrava.LoginTest" name="visibilityOfLoginContainer1" time="0.042"/>
  <testcase classname="com.Shrava.LoginTest" name="enabilityOfReserPasswordButton" time="0.050"/>
  <testcase classname="com.Shrava.LoginTest" name="verifySigTupleTittle" time="8.875"/>
  <testcase classname="com.Shrava.LoginTest" name="visibilityOfBackToLoginButton" time="0.036"/>
  <testcase classname="com.Shrava.LoginTest" name="visibilityOfLoginButton" time="0.054"/>
  <testcase classname="com.Shrava.LoginTest" name="visibilityOfSigtupleLogo" time="0.033"/>
  <testcase classname="com.Shrava.LoginTest" name="visibilityOfLoginContainer" time="0.031"/>
  <testcase classname="com.Shrava.LoginTest" name="visibilityOfPassNameField" time="0.036"/>
  <testcase classname="com.Shrava.LoginTest" name="clickOnForgotPasswordButton" time="0.082"/>
</testsuite> <!-- com.Shrava.LoginTest -->
