<?xml version="1.0" encoding="UTF-8"?>
<!-- Generated by org.testng.reporters.JUnitReportReporter -->
<testsuite hostname="Dushs-MacBook-Pro.local" failures="0" tests="7" name="com.Shrava.MandaraHomeTest" time="5.701" errors="0" timestamp="19 Dec 2023 06:48:40 GMT">
  <testcase classname="com.Shrava.MandaraHomeTest" name="verifyShonitCarddetails" time="0.195"/>
  <testcase classname="com.Shrava.MandaraHomeTest" name="availabilityOfShravaCard" time="0.031"/>
  <testcase classname="com.Shrava.MandaraHomeTest" name="checkMadaraHomePage" time="0.030"/>
  <testcase classname="com.Shrava.MandaraHomeTest" name="checkusericon" time="0.031"/>
  <testcase classname="com.Shrava.MandaraHomeTest" name="numberOfProductsForUser" time="0.029"/>
  <testcase classname="com.Shrava.MandaraHomeTest" name="verifyOptionFromUserIcon" time="5.354"/>
  <testcase classname="com.Shrava.MandaraHomeTest" name="checkSigtupleIcon" time="0.031"/>
</testsuite> <!-- com.Shrava.MandaraHomeTest -->
