<?xml version="1.0" encoding="UTF-8"?>
<!-- Generated by org.testng.reporters.JUnitReportReporter -->
<testsuite hostname="Dushs-MBP" failures="0" tests="7" name="com.Shrava.MandaraHomeTest" time="5.636" errors="0" timestamp="18 Dec 2023 11:15:49 GMT">
  <testcase classname="com.Shrava.MandaraHomeTest" name="verifyShonitCarddetails" time="0.291"/>
  <testcase classname="com.Shrava.MandaraHomeTest" name="availabilityOfShravaCard" time="0.030"/>
  <testcase classname="com.Shrava.MandaraHomeTest" name="checkSigtupleIcon" time="0.047"/>
  <testcase classname="com.Shrava.MandaraHomeTest" name="numberOfProductsForUser" time="0.029"/>
  <testcase classname="com.Shrava.MandaraHomeTest" name="checkusericon" time="0.045"/>
  <testcase classname="com.Shrava.MandaraHomeTest" name="verifyOptionFromUserIcon" time="5.149"/>
  <testcase classname="com.Shrava.MandaraHomeTest" name="checkMadaraHomePage" time="0.045"/>
</testsuite> <!-- com.Shrava.MandaraHomeTest -->
