<?xml version="1.0" encoding="UTF-8"?>
<!-- Generated by org.testng.reporters.JUnitReportReporter -->
<testsuite hostname="Dushs-MBP" failures="0" tests="20" name="com.Shrava.ListReportTest" time="15.556" errors="0" timestamp="18 Dec 2023 11:15:49 GMT">
  <testcase classname="com.Shrava.ListReportTest" name="verifyrefreshicon" time="0.062"/>
  <testcase classname="com.Shrava.ListReportTest" name="checkpaginationposition" time="0.025"/>
  <testcase classname="com.Shrava.ListReportTest" name="verifymodulname" time="0.053"/>
  <testcase classname="com.Shrava.ListReportTest" name="verifyOptionFromUserIconOnShonitReportPage" time="5.532"/>
  <testcase classname="com.Shrava.ListReportTest" name="VerifyClickOnNotificationIcon" time="0.022"/>
  <testcase classname="com.Shrava.ListReportTest" name="verifyNotpadIcon" time="0.246"/>
  <testcase classname="com.Shrava.ListReportTest" name="visibilityOfVersionCard" time="0.121"/>
  <testcase classname="com.Shrava.ListReportTest" name="visibilityOfPlateformVersion" time="0.048"/>
  <testcase classname="com.Shrava.ListReportTest" name="verifytableheader" time="0.171"/>
  <testcase classname="com.Shrava.ListReportTest" name="closeproductVersionCard" time="0.099"/>
  <testcase classname="com.Shrava.ListReportTest" name="termsNCondTestOnShonitReportPage" time="0.709"/>
  <testcase classname="com.Shrava.ListReportTest" name="checkpaginationeditbox" time="0.314"/>
  <testcase classname="com.Shrava.ListReportTest" name="visibilityOfProductName" time="2.532"/>
  <testcase classname="com.Shrava.ListReportTest" name="clickonListReportTest" time="0.386"/>
  <testcase classname="com.Shrava.ListReportTest" name="verifyfilterIcon" time="0.028"/>
  <testcase classname="com.Shrava.ListReportTest" name="checkpaginationchevronicons" time="0.038"/>
  <testcase classname="com.Shrava.ListReportTest" name="visibilityOfHelpIcon" time="0.261"/>
  <testcase classname="com.Shrava.ListReportTest" name="verifyListReportpage" time="0.246"/>
  <testcase classname="com.Shrava.ListReportTest" name="verifySearchEnterText" time="4.633"/>
  <testcase classname="com.Shrava.ListReportTest" name="visibilityOfSoftwareVersion" time="0.030"/>
</testsuite> <!-- com.Shrava.ListReportTest -->
